2014-12-15 19:45:12	--LOG DE EJECUCION--
2014-12-15 19:45:12	Ejecutando contenido
2014-12-15 19:45:20	--------------------
2014-12-16 01:20:21	Ejecutando contenido
2014-12-16 01:20:24	--------------------
2014-12-16 01:50:30	Ejecutando contenido
2014-12-16 01:50:32	--------------------
2014-12-16 01:51:37	Ejecutando activa
2014-12-16 01:51:43	SQLException	Duplicate entry '3028' for key 'PRIMARY'
2014-12-16 01:51:44	SQLException	Duplicate entry '13' for key 'PRIMARY'
2014-12-16 01:51:44	SQLException	Duplicate entry '13' for key 'PRIMARY'
2014-12-16 01:51:44	SQLException	Duplicate entry '7' for key 'PRIMARY'
2014-12-16 01:51:44	SQLException	Duplicate entry '11' for key 'PRIMARY'
2014-12-16 01:51:44	SQLException	Duplicate entry '3030' for key 'PRIMARY'
2014-12-16 01:51:44	SQLException	Duplicate entry '3362' for key 'PRIMARY'
2014-12-16 01:51:44	SQLException	Duplicate entry '24' for key 'PRIMARY'
2014-12-16 01:51:45	SQLException	Duplicate entry '28' for key 'PRIMARY'
2014-12-16 01:51:45	SQLException	Duplicate entry '27' for key 'PRIMARY'
2014-12-16 01:51:45	SQLException	Duplicate entry '27' for key 'PRIMARY'
2014-12-16 01:51:46	SQLException	Duplicate entry '40' for key 'PRIMARY'
2014-12-16 01:51:46	SQLException	Duplicate entry '39' for key 'PRIMARY'
2014-12-16 01:51:47	SQLException	Duplicate entry '66' for key 'PRIMARY'
2014-12-16 01:51:47	SQLException	Duplicate entry '66' for key 'PRIMARY'
2014-12-16 01:51:47	SQLException	Duplicate entry '3541' for key 'PRIMARY'
2014-12-16 01:51:47	SQLException	Duplicate entry '116' for key 'PRIMARY'
2014-12-16 01:51:48	SQLException	Duplicate entry '85' for key 'PRIMARY'
2014-12-16 01:51:48	SQLException	Duplicate entry '85' for key 'PRIMARY'
2014-12-16 01:51:48	SQLException	Duplicate entry '85' for key 'PRIMARY'
2014-12-16 01:51:48	SQLException	Duplicate entry '78' for key 'PRIMARY'
2014-12-16 01:51:48	SQLException	Duplicate entry '78' for key 'PRIMARY'
2014-12-16 01:51:49	SQLException	Duplicate entry '90' for key 'PRIMARY'
2014-12-16 01:51:49	SQLException	Duplicate entry '3765' for key 'PRIMARY'
2014-12-16 01:51:49	SQLException	Duplicate entry '3765' for key 'PRIMARY'
2014-12-16 01:51:49	SQLException	Duplicate entry '3552' for key 'PRIMARY'
2014-12-16 01:51:50	SQLException	Duplicate entry '3552' for key 'PRIMARY'
2014-12-16 01:51:50	SQLException	Duplicate entry '156' for key 'PRIMARY'
2014-12-16 01:51:50	SQLException	Duplicate entry '170' for key 'PRIMARY'
2014-12-16 01:51:50	SQLException	Duplicate entry '170' for key 'PRIMARY'
2014-12-16 01:51:50	SQLException	Duplicate entry '119' for key 'PRIMARY'
2014-12-16 01:51:51	SQLException	Duplicate entry '125' for key 'PRIMARY'
2014-12-16 01:51:52	SQLException	Duplicate entry '201' for key 'PRIMARY'
2014-12-16 01:51:52	SQLException	Duplicate entry '201' for key 'PRIMARY'
2014-12-16 01:51:52	SQLException	Duplicate entry '3392' for key 'PRIMARY'
2014-12-16 01:51:52	SQLException	Duplicate entry '3392' for key 'PRIMARY'
2014-12-16 01:51:53	SQLException	Duplicate entry '234' for key 'PRIMARY'
2014-12-16 01:51:53	SQLException	Duplicate entry '234' for key 'PRIMARY'
2014-12-16 01:51:53	SQLException	Duplicate entry '234' for key 'PRIMARY'
2014-12-16 01:51:53	SQLException	Duplicate entry '248' for key 'PRIMARY'
2014-12-16 01:51:53	SQLException	Duplicate entry '3266' for key 'PRIMARY'
2014-12-16 01:51:53	SQLException	Duplicate entry '3266' for key 'PRIMARY'
2014-12-16 01:51:53	SQLException	Duplicate entry '3266' for key 'PRIMARY'
2014-12-16 01:51:54	SQLException	Duplicate entry '260' for key 'PRIMARY'
2014-12-16 01:51:54	SQLException	Duplicate entry '251' for key 'PRIMARY'
2014-12-16 01:51:54	SQLException	Duplicate entry '261' for key 'PRIMARY'
2014-12-16 01:51:54	SQLException	Duplicate entry '261' for key 'PRIMARY'
2014-12-16 01:51:54	SQLException	Duplicate entry '261' for key 'PRIMARY'
2014-12-16 01:51:54	SQLException	Duplicate entry '261' for key 'PRIMARY'
2014-12-16 01:51:54	SQLException	Duplicate entry '159' for key 'PRIMARY'
2014-12-16 01:51:54	SQLException	Duplicate entry '268' for key 'PRIMARY'
2014-12-16 01:51:55	SQLException	Duplicate entry '268' for key 'PRIMARY'
2014-12-16 01:51:55	SQLException	Duplicate entry '274' for key 'PRIMARY'
2014-12-16 01:51:56	SQLException	Duplicate entry '285' for key 'PRIMARY'
2014-12-16 01:51:56	SQLException	Duplicate entry '295' for key 'PRIMARY'
2014-12-16 01:51:56	SQLException	Duplicate entry '293' for key 'PRIMARY'
2014-12-16 01:51:56	SQLException	Duplicate entry '303' for key 'PRIMARY'
2014-12-16 01:51:56	SQLException	Duplicate entry '299' for key 'PRIMARY'
2014-12-16 01:51:56	SQLException	Duplicate entry '309' for key 'PRIMARY'
2014-12-16 01:51:57	SQLException	Duplicate entry '309' for key 'PRIMARY'
2014-12-16 01:51:57	SQLException	Duplicate entry '3768' for key 'PRIMARY'
2014-12-16 01:51:57	SQLException	Duplicate entry '312' for key 'PRIMARY'
2014-12-16 01:51:57	SQLException	Duplicate entry '2737' for key 'PRIMARY'
2014-12-16 01:51:57	SQLException	Duplicate entry '2737' for key 'PRIMARY'
2014-12-16 01:51:57	SQLException	Duplicate entry '2737' for key 'PRIMARY'
2014-12-16 01:51:57	SQLException	Duplicate entry '2737' for key 'PRIMARY'
2014-12-16 01:51:58	SQLException	Duplicate entry '337' for key 'PRIMARY'
2014-12-16 01:51:59	SQLException	Duplicate entry '371' for key 'PRIMARY'
2014-12-16 01:51:59	SQLException	Duplicate entry '365' for key 'PRIMARY'
2014-12-16 01:51:59	SQLException	Duplicate entry '3681' for key 'PRIMARY'
2014-12-16 01:51:59	SQLException	Duplicate entry '3681' for key 'PRIMARY'
2014-12-16 01:51:59	SQLException	Duplicate entry '3681' for key 'PRIMARY'
2014-12-16 01:51:59	SQLException	Duplicate entry '3681' for key 'PRIMARY'
2014-12-16 01:51:59	SQLException	Duplicate entry '322' for key 'PRIMARY'
2014-12-16 01:51:59	SQLException	Duplicate entry '322' for key 'PRIMARY'
2014-12-16 01:52:00	SQLException	Duplicate entry '322' for key 'PRIMARY'
2014-12-16 01:52:00	SQLException	Duplicate entry '322' for key 'PRIMARY'
2014-12-16 01:52:00	SQLException	Duplicate entry '322' for key 'PRIMARY'
2014-12-16 01:52:00	SQLException	Duplicate entry '322' for key 'PRIMARY'
2014-12-16 01:52:00	SQLException	Duplicate entry '322' for key 'PRIMARY'
2014-12-16 01:52:01	SQLException	Duplicate entry '386' for key 'PRIMARY'
2014-12-16 01:52:01	SQLException	Duplicate entry '390' for key 'PRIMARY'
2014-12-16 01:52:02	SQLException	Duplicate entry '397' for key 'PRIMARY'
2014-12-16 01:52:02	SQLException	Duplicate entry '397' for key 'PRIMARY'
2014-12-16 01:52:02	SQLException	Duplicate entry '2138' for key 'PRIMARY'
2014-12-16 01:52:02	SQLException	Duplicate entry '2138' for key 'PRIMARY'
2014-12-16 01:52:02	SQLException	Duplicate entry '3569' for key 'PRIMARY'
2014-12-16 01:52:02	SQLException	Duplicate entry '412' for key 'PRIMARY'
2014-12-16 01:52:02	SQLException	Duplicate entry '412' for key 'PRIMARY'
2014-12-16 01:52:03	SQLException	Duplicate entry '412' for key 'PRIMARY'
2014-12-16 01:52:03	SQLException	Duplicate entry '3864' for key 'PRIMARY'
2014-12-16 01:52:03	SQLException	Duplicate entry '404' for key 'PRIMARY'
2014-12-16 01:52:03	SQLException	Duplicate entry '403' for key 'PRIMARY'
2014-12-16 01:52:03	SQLException	Duplicate entry '2141' for key 'PRIMARY'
2014-12-16 01:52:03	SQLException	Duplicate entry '416' for key 'PRIMARY'
2014-12-16 01:52:03	SQLException	Duplicate entry '515' for key 'PRIMARY'
2014-12-16 01:52:03	SQLException	Duplicate entry '515' for key 'PRIMARY'
2014-12-16 01:52:04	SQLException	Duplicate entry '511' for key 'PRIMARY'
2014-12-16 01:52:04	SQLException	Duplicate entry '511' for key 'PRIMARY'
2014-12-16 01:52:04	SQLException	Duplicate entry '2749' for key 'PRIMARY'
2014-12-16 01:52:04	SQLException	Duplicate entry '2749' for key 'PRIMARY'
2014-12-16 01:52:04	SQLException	Duplicate entry '2749' for key 'PRIMARY'
2014-12-16 01:52:04	SQLException	Duplicate entry '2749' for key 'PRIMARY'
2014-12-16 01:52:04	SQLException	Duplicate entry '2749' for key 'PRIMARY'
2014-12-16 01:52:04	SQLException	Duplicate entry '428' for key 'PRIMARY'
2014-12-16 01:52:04	SQLException	Duplicate entry '428' for key 'PRIMARY'
2014-12-16 01:52:04	SQLException	Duplicate entry '431' for key 'PRIMARY'
2014-12-16 01:52:04	SQLException	Duplicate entry '431' for key 'PRIMARY'
2014-12-16 01:52:04	SQLException	Duplicate entry '431' for key 'PRIMARY'
2014-12-16 01:52:04	SQLException	Duplicate entry '431' for key 'PRIMARY'
2014-12-16 01:52:05	SQLException	Duplicate entry '431' for key 'PRIMARY'
2014-12-16 01:52:05	SQLException	Duplicate entry '431' for key 'PRIMARY'
2014-12-16 01:52:05	SQLException	Duplicate entry '443' for key 'PRIMARY'
2014-12-16 01:52:05	SQLException	Duplicate entry '443' for key 'PRIMARY'
2014-12-16 01:52:05	SQLException	Duplicate entry '440' for key 'PRIMARY'
2014-12-16 01:52:05	SQLException	Duplicate entry '440' for key 'PRIMARY'
2014-12-16 01:52:05	SQLException	Duplicate entry '440' for key 'PRIMARY'
2014-12-16 01:52:05	SQLException	Duplicate entry '440' for key 'PRIMARY'
2014-12-16 01:52:05	SQLException	Duplicate entry '440' for key 'PRIMARY'
2014-12-16 01:52:06	SQLException	Duplicate entry '3281' for key 'PRIMARY'
2014-12-16 01:52:06	SQLException	Duplicate entry '3281' for key 'PRIMARY'
2014-12-16 01:52:06	SQLException	Duplicate entry '448' for key 'PRIMARY'
2014-12-16 01:52:06	SQLException	Duplicate entry '448' for key 'PRIMARY'
2014-12-16 01:52:06	SQLException	Duplicate entry '448' for key 'PRIMARY'
2014-12-16 01:52:06	SQLException	Duplicate entry '448' for key 'PRIMARY'
2014-12-16 01:52:06	SQLException	Duplicate entry '448' for key 'PRIMARY'
2014-12-16 01:52:06	SQLException	Duplicate entry '427' for key 'PRIMARY'
2014-12-16 01:52:06	SQLException	Duplicate entry '427' for key 'PRIMARY'
2014-12-16 01:52:06	SQLException	Duplicate entry '437' for key 'PRIMARY'
2014-12-16 01:52:06	SQLException	Duplicate entry '452' for key 'PRIMARY'
2014-12-16 01:52:06	SQLException	Duplicate entry '452' for key 'PRIMARY'
2014-12-16 01:52:06	SQLException	Duplicate entry '452' for key 'PRIMARY'
2014-12-16 01:52:06	SQLException	Duplicate entry '452' for key 'PRIMARY'
2014-12-16 01:52:07	SQLException	Duplicate entry '452' for key 'PRIMARY'
2014-12-16 01:52:07	SQLException	Duplicate entry '452' for key 'PRIMARY'
2014-12-16 01:52:07	SQLException	Duplicate entry '452' for key 'PRIMARY'
2014-12-16 01:52:07	SQLException	Duplicate entry '452' for key 'PRIMARY'
2014-12-16 01:52:07	SQLException	Duplicate entry '452' for key 'PRIMARY'
2014-12-16 01:52:07	SQLException	Duplicate entry '452' for key 'PRIMARY'
2014-12-16 01:52:10	SQLException	Duplicate entry '438' for key 'PRIMARY'
2014-12-16 01:52:10	SQLException	Duplicate entry '473' for key 'PRIMARY'
2014-12-16 01:52:11	SQLException	Duplicate entry '453' for key 'PRIMARY'
2014-12-16 01:52:11	SQLException	Duplicate entry '453' for key 'PRIMARY'
2014-12-16 01:52:11	SQLException	Duplicate entry '453' for key 'PRIMARY'
2014-12-16 01:52:11	SQLException	Duplicate entry '453' for key 'PRIMARY'
2014-12-16 01:52:11	SQLException	Duplicate entry '453' for key 'PRIMARY'
2014-12-16 01:52:11	SQLException	Duplicate entry '453' for key 'PRIMARY'
2014-12-16 01:52:11	SQLException	Duplicate entry '514' for key 'PRIMARY'
2014-12-16 01:52:11	SQLException	Duplicate entry '509' for key 'PRIMARY'
2014-12-16 01:52:11	SQLException	Duplicate entry '509' for key 'PRIMARY'
2014-12-16 01:52:13	SQLException	Duplicate entry '544' for key 'PRIMARY'
2014-12-16 01:52:13	SQLException	Duplicate entry '544' for key 'PRIMARY'
2014-12-16 01:52:13	SQLException	Duplicate entry '544' for key 'PRIMARY'
2014-12-16 01:52:13	SQLException	Duplicate entry '3062' for key 'PRIMARY'
2014-12-16 01:52:13	SQLException	Duplicate entry '660' for key 'PRIMARY'
2014-12-16 01:52:13	SQLException	Duplicate entry '660' for key 'PRIMARY'
2014-12-16 01:52:13	SQLException	Duplicate entry '660' for key 'PRIMARY'
2014-12-16 01:52:13	SQLException	Duplicate entry '595' for key 'PRIMARY'
2014-12-16 01:52:13	SQLException	Duplicate entry '595' for key 'PRIMARY'
2014-12-16 01:52:13	SQLException	Duplicate entry '595' for key 'PRIMARY'
2014-12-16 01:52:13	SQLException	Duplicate entry '641' for key 'PRIMARY'
2014-12-16 01:52:14	SQLException	Duplicate entry '528' for key 'PRIMARY'
2014-12-16 01:52:14	SQLException	Duplicate entry '528' for key 'PRIMARY'
2014-12-16 01:52:14	SQLException	Duplicate entry '3692' for key 'PRIMARY'
2014-12-16 01:52:14	SQLException	Duplicate entry '526' for key 'PRIMARY'
2014-12-16 01:52:15	SQLException	Duplicate entry '3573' for key 'PRIMARY'
2014-12-16 01:52:16	SQLException	Duplicate entry '534' for key 'PRIMARY'
2014-12-16 01:52:16	SQLException	Duplicate entry '590' for key 'PRIMARY'
2014-12-16 01:52:16	SQLException	Duplicate entry '3872' for key 'PRIMARY'
2014-12-16 01:52:16	SQLException	Duplicate entry '537' for key 'PRIMARY'
2014-12-16 01:52:17	SQLException	Duplicate entry '537' for key 'PRIMARY'
2014-12-16 01:52:17	SQLException	Duplicate entry '545' for key 'PRIMARY'
2014-12-16 01:52:17	SQLException	Duplicate entry '533' for key 'PRIMARY'
2014-12-16 01:52:17	SQLException	Duplicate entry '533' for key 'PRIMARY'
2014-12-16 01:52:17	SQLException	Duplicate entry '533' for key 'PRIMARY'
2014-12-16 01:52:17	SQLException	Duplicate entry '533' for key 'PRIMARY'
2014-12-16 01:52:17	SQLException	Duplicate entry '533' for key 'PRIMARY'
2014-12-16 01:52:17	SQLException	Duplicate entry '624' for key 'PRIMARY'
2014-12-16 01:52:17	SQLException	Duplicate entry '624' for key 'PRIMARY'
2014-12-16 01:52:17	SQLException	Duplicate entry '624' for key 'PRIMARY'
2014-12-16 01:52:17	SQLException	Duplicate entry '624' for key 'PRIMARY'
2014-12-16 01:52:18	SQLException	Duplicate entry '627' for key 'PRIMARY'
2014-12-16 01:52:18	SQLException	Duplicate entry '622' for key 'PRIMARY'
2014-12-16 01:52:18	SQLException	Duplicate entry '622' for key 'PRIMARY'
2014-12-16 01:52:18	SQLException	Duplicate entry '3069' for key 'PRIMARY'
2014-12-16 01:52:19	SQLException	Duplicate entry '633' for key 'PRIMARY'
2014-12-16 01:52:19	SQLException	Duplicate entry '676' for key 'PRIMARY'
2014-12-16 01:52:19	SQLException	Duplicate entry '3075' for key 'PRIMARY'
2014-12-16 01:52:19	SQLException	Duplicate entry '3294' for key 'PRIMARY'
2014-12-16 01:52:19	SQLException	Duplicate entry '3294' for key 'PRIMARY'
2014-12-16 01:52:19	SQLException	Duplicate entry '3294' for key 'PRIMARY'
2014-12-16 01:52:19	SQLException	Duplicate entry '3294' for key 'PRIMARY'
2014-12-16 01:52:20	SQLException	Duplicate entry '3295' for key 'PRIMARY'
2014-12-16 01:52:20	SQLException	Duplicate entry '702' for key 'PRIMARY'
2014-12-16 01:52:20	SQLException	Duplicate entry '3297' for key 'PRIMARY'
2014-12-16 01:52:21	SQLException	Duplicate entry '684' for key 'PRIMARY'
2014-12-16 01:52:21	SQLException	Duplicate entry '701' for key 'PRIMARY'
2014-12-16 01:52:21	SQLException	Duplicate entry '701' for key 'PRIMARY'
2014-12-16 01:52:21	SQLException	Duplicate entry '701' for key 'PRIMARY'
2014-12-16 01:52:22	SQLException	Duplicate entry '3590' for key 'PRIMARY'
2014-12-16 01:52:22	SQLException	Duplicate entry '737' for key 'PRIMARY'
2014-12-16 01:52:22	SQLException	Duplicate entry '737' for key 'PRIMARY'
2014-12-16 01:52:22	SQLException	Duplicate entry '737' for key 'PRIMARY'
2014-12-16 01:52:22	SQLException	Duplicate entry '3905' for key 'PRIMARY'
2014-12-16 01:52:22	SQLException	Duplicate entry '744' for key 'PRIMARY'
2014-12-16 01:52:23	SQLException	Duplicate entry '744' for key 'PRIMARY'
2014-12-16 01:52:23	SQLException	Duplicate entry '760' for key 'PRIMARY'
2014-12-16 01:52:24	SQLException	Duplicate entry '776' for key 'PRIMARY'
2014-12-16 01:52:25	SQLException	Duplicate entry '3301' for key 'PRIMARY'
2014-12-16 01:52:25	SQLException	Duplicate entry '863' for key 'PRIMARY'
2014-12-16 01:52:25	SQLException	Duplicate entry '863' for key 'PRIMARY'
2014-12-16 01:52:25	SQLException	Duplicate entry '863' for key 'PRIMARY'
2014-12-16 01:52:25	SQLException	Duplicate entry '840' for key 'PRIMARY'
2014-12-16 01:52:25	SQLException	Duplicate entry '3703' for key 'PRIMARY'
2014-12-16 01:52:26	SQLException	Duplicate entry '783' for key 'PRIMARY'
2014-12-16 01:52:26	SQLException	Duplicate entry '830' for key 'PRIMARY'
2014-12-16 01:52:26	SQLException	Duplicate entry '830' for key 'PRIMARY'
2014-12-16 01:52:26	SQLException	Duplicate entry '830' for key 'PRIMARY'
2014-12-16 01:52:26	SQLException	Duplicate entry '830' for key 'PRIMARY'
2014-12-16 01:52:26	SQLException	Duplicate entry '3788' for key 'PRIMARY'
2014-12-16 01:52:26	SQLException	Duplicate entry '3788' for key 'PRIMARY'
2014-12-16 01:52:27	SQLException	Duplicate entry '3457' for key 'PRIMARY'
2014-12-16 01:52:27	SQLException	Duplicate entry '806' for key 'PRIMARY'
2014-12-16 01:52:27	SQLException	Duplicate entry '802' for key 'PRIMARY'
2014-12-16 01:52:27	SQLException	Duplicate entry '801' for key 'PRIMARY'
2014-12-16 01:52:28	SQLException	Duplicate entry '794' for key 'PRIMARY'
2014-12-16 01:52:28	SQLException	Duplicate entry '794' for key 'PRIMARY'
2014-12-16 01:52:28	SQLException	Duplicate entry '794' for key 'PRIMARY'
2014-12-16 01:52:28	SQLException	Duplicate entry '794' for key 'PRIMARY'
2014-12-16 01:52:28	SQLException	Duplicate entry '836' for key 'PRIMARY'
2014-12-16 01:52:28	SQLException	Duplicate entry '836' for key 'PRIMARY'
2014-12-16 01:52:28	SQLException	Duplicate entry '881' for key 'PRIMARY'
2014-12-16 01:52:28	SQLException	Duplicate entry '881' for key 'PRIMARY'
2014-12-16 01:52:28	SQLException	Duplicate entry '3913' for key 'PRIMARY'
2014-12-16 01:52:29	SQLException	Duplicate entry '902' for key 'PRIMARY'
2014-12-16 01:52:29	SQLException	Duplicate entry '902' for key 'PRIMARY'
2014-12-16 01:52:29	SQLException	Duplicate entry '902' for key 'PRIMARY'
2014-12-16 01:52:29	SQLException	Duplicate entry '3914' for key 'PRIMARY'
2014-12-16 01:52:30	SQLException	Duplicate entry '908' for key 'PRIMARY'
2014-12-16 01:52:30	SQLException	Duplicate entry '3459' for key 'PRIMARY'
2014-12-16 01:52:30	SQLException	Duplicate entry '3459' for key 'PRIMARY'
2014-12-16 01:52:30	SQLException	Duplicate entry '930' for key 'PRIMARY'
2014-12-16 01:52:30	SQLException	Duplicate entry '930' for key 'PRIMARY'
2014-12-16 01:52:30	SQLException	Duplicate entry '930' for key 'PRIMARY'
2014-12-16 01:52:31	SQLException	Duplicate entry '930' for key 'PRIMARY'
2014-12-16 01:52:31	SQLException	Duplicate entry '937' for key 'PRIMARY'
2014-12-16 01:52:31	SQLException	Duplicate entry '1980' for key 'PRIMARY'
2014-12-16 01:52:32	SQLException	Duplicate entry '979' for key 'PRIMARY'
2014-12-16 01:52:32	SQLException	Duplicate entry '972' for key 'PRIMARY'
2014-12-16 01:52:32	SQLException	Duplicate entry '972' for key 'PRIMARY'
2014-12-16 01:52:32	SQLException	Duplicate entry '954' for key 'PRIMARY'
2014-12-16 01:52:32	SQLException	Duplicate entry '954' for key 'PRIMARY'
2014-12-16 01:52:32	SQLException	Duplicate entry '954' for key 'PRIMARY'
2014-12-16 01:52:33	SQLException	Duplicate entry '950' for key 'PRIMARY'
2014-12-16 01:52:33	SQLException	Duplicate entry '975' for key 'PRIMARY'
2014-12-16 01:52:33	SQLException	Duplicate entry '975' for key 'PRIMARY'
2014-12-16 01:52:33	SQLException	Duplicate entry '959' for key 'PRIMARY'
2014-12-16 01:52:33	SQLException	Duplicate entry '968' for key 'PRIMARY'
2014-12-16 01:52:33	SQLException	Duplicate entry '968' for key 'PRIMARY'
2014-12-16 01:52:34	SQLException	Duplicate entry '3791' for key 'PRIMARY'
2014-12-16 01:52:34	SQLException	Duplicate entry '3791' for key 'PRIMARY'
2014-12-16 01:52:34	SQLException	Duplicate entry '3791' for key 'PRIMARY'
2014-12-16 01:52:34	SQLException	Duplicate entry '3791' for key 'PRIMARY'
2014-12-16 01:52:34	SQLException	Duplicate entry '3791' for key 'PRIMARY'
2014-12-16 01:52:34	SQLException	Duplicate entry '3791' for key 'PRIMARY'
2014-12-16 01:52:34	SQLException	Duplicate entry '3095' for key 'PRIMARY'
2014-12-16 01:52:34	SQLException	Duplicate entry '3095' for key 'PRIMARY'
2014-12-16 01:52:34	SQLException	Duplicate entry '988' for key 'PRIMARY'
2014-12-16 01:52:34	SQLException	Duplicate entry '3705' for key 'PRIMARY'
2014-12-16 01:52:35	SQLException	Duplicate entry '3705' for key 'PRIMARY'
2014-12-16 01:52:35	SQLException	Duplicate entry '3705' for key 'PRIMARY'
2014-12-16 01:52:35	SQLException	Duplicate entry '3705' for key 'PRIMARY'
2014-12-16 01:52:35	SQLException	Duplicate entry '3705' for key 'PRIMARY'
2014-12-16 01:52:35	SQLException	Duplicate entry '3705' for key 'PRIMARY'
2014-12-16 01:52:35	SQLException	Duplicate entry '999' for key 'PRIMARY'
2014-12-16 01:52:35	SQLException	Duplicate entry '999' for key 'PRIMARY'
2014-12-16 01:52:35	SQLException	Duplicate entry '999' for key 'PRIMARY'
2014-12-16 01:52:35	SQLException	Duplicate entry '999' for key 'PRIMARY'
2014-12-16 01:52:35	SQLException	Duplicate entry '999' for key 'PRIMARY'
2014-12-16 01:52:35	SQLException	Duplicate entry '1026' for key 'PRIMARY'
2014-12-16 01:52:35	SQLException	Duplicate entry '3460' for key 'PRIMARY'
2014-12-16 01:52:35	SQLException	Duplicate entry '3460' for key 'PRIMARY'
2014-12-16 01:52:35	SQLException	Duplicate entry '3460' for key 'PRIMARY'
2014-12-16 01:52:36	SQLException	Duplicate entry '3460' for key 'PRIMARY'
2014-12-16 01:52:36	SQLException	Duplicate entry '3793' for key 'PRIMARY'
2014-12-16 01:52:36	SQLException	Duplicate entry '3312' for key 'PRIMARY'
2014-12-16 01:52:36	SQLException	Duplicate entry '3606' for key 'PRIMARY'
2014-12-16 01:52:36	SQLException	Duplicate entry '3096' for key 'PRIMARY'
2014-12-16 01:52:37	SQLException	Duplicate entry '3097' for key 'PRIMARY'
2014-12-16 01:52:37	SQLException	Duplicate entry '1048' for key 'PRIMARY'
2014-12-16 01:52:37	SQLException	Duplicate entry '1048' for key 'PRIMARY'
2014-12-16 01:52:37	SQLException	Duplicate entry '1052' for key 'PRIMARY'
2014-12-16 01:52:37	SQLException	Duplicate entry '1052' for key 'PRIMARY'
2014-12-16 01:52:37	SQLException	Duplicate entry '3098' for key 'PRIMARY'
2014-12-16 01:52:38	SQLException	Duplicate entry '3727' for key 'PRIMARY'
2014-12-16 01:52:38	SQLException	Duplicate entry '1057' for key 'PRIMARY'
2014-12-16 01:52:38	SQLException	Duplicate entry '1057' for key 'PRIMARY'
2014-12-16 01:52:38	SQLException	Duplicate entry '1057' for key 'PRIMARY'
2014-12-16 01:52:38	SQLException	Duplicate entry '1057' for key 'PRIMARY'
2014-12-16 01:52:38	SQLException	Duplicate entry '1070' for key 'PRIMARY'
2014-12-16 01:52:38	SQLException	Duplicate entry '1068' for key 'PRIMARY'
2014-12-16 01:52:38	SQLException	Duplicate entry '1068' for key 'PRIMARY'
2014-12-16 01:52:39	SQLException	Duplicate entry '1068' for key 'PRIMARY'
2014-12-16 01:52:39	SQLException	Duplicate entry '1068' for key 'PRIMARY'
2014-12-16 01:52:39	SQLException	Duplicate entry '1068' for key 'PRIMARY'
2014-12-16 01:52:39	SQLException	Duplicate entry '1101' for key 'PRIMARY'
2014-12-16 01:52:39	SQLException	Duplicate entry '1101' for key 'PRIMARY'
2014-12-16 01:52:39	SQLException	Duplicate entry '1078' for key 'PRIMARY'
2014-12-16 01:52:39	SQLException	Duplicate entry '1083' for key 'PRIMARY'
2014-12-16 01:52:39	SQLException	Duplicate entry '3103' for key 'PRIMARY'
2014-12-16 01:52:39	SQLException	Duplicate entry '3103' for key 'PRIMARY'
2014-12-16 01:52:39	SQLException	Duplicate entry '3103' for key 'PRIMARY'
2014-12-16 01:52:39	SQLException	Duplicate entry '3103' for key 'PRIMARY'
2014-12-16 01:52:40	SQLException	Duplicate entry '1089' for key 'PRIMARY'
2014-12-16 01:52:40	SQLException	Duplicate entry '3461' for key 'PRIMARY'
2014-12-16 01:52:40	SQLException	Duplicate entry '1107' for key 'PRIMARY'
2014-12-16 01:52:40	SQLException	Duplicate entry '1107' for key 'PRIMARY'
2014-12-16 01:52:40	SQLException	Duplicate entry '1107' for key 'PRIMARY'
2014-12-16 01:52:40	SQLException	Duplicate entry '1107' for key 'PRIMARY'
2014-12-16 01:52:40	SQLException	Duplicate entry '1107' for key 'PRIMARY'
2014-12-16 01:52:40	SQLException	Duplicate entry '1107' for key 'PRIMARY'
2014-12-16 01:52:40	SQLException	Duplicate entry '1107' for key 'PRIMARY'
2014-12-16 01:52:40	SQLException	Duplicate entry '1107' for key 'PRIMARY'
2014-12-16 01:52:40	SQLException	Duplicate entry '1107' for key 'PRIMARY'
2014-12-16 01:52:43	SQLException	Duplicate entry '1242' for key 'PRIMARY'
2014-12-16 01:52:43	SQLException	Duplicate entry '1148' for key 'PRIMARY'
2014-12-16 01:52:43	SQLException	Duplicate entry '1158' for key 'PRIMARY'
2014-12-16 01:52:44	SQLException	Duplicate entry '1222' for key 'PRIMARY'
2014-12-16 01:52:45	SQLException	Duplicate entry '1130' for key 'PRIMARY'
2014-12-16 01:52:45	SQLException	Duplicate entry '1130' for key 'PRIMARY'
2014-12-16 01:52:45	SQLException	Duplicate entry '1196' for key 'PRIMARY'
2014-12-16 01:52:45	SQLException	Duplicate entry '1196' for key 'PRIMARY'
2014-12-16 01:52:47	SQLException	Duplicate entry '1273' for key 'PRIMARY'
2014-12-16 01:52:47	SQLException	Duplicate entry '1330' for key 'PRIMARY'
2014-12-16 01:52:48	SQLException	Duplicate entry '1330' for key 'PRIMARY'
2014-12-16 01:52:48	SQLException	Duplicate entry '1333' for key 'PRIMARY'
2014-12-16 01:52:48	SQLException	Duplicate entry '1282' for key 'PRIMARY'
2014-12-16 01:52:48	SQLException	Duplicate entry '1334' for key 'PRIMARY'
2014-12-16 01:52:48	SQLException	Duplicate entry '1334' for key 'PRIMARY'
2014-12-16 01:52:48	SQLException	Duplicate entry '1334' for key 'PRIMARY'
2014-12-16 01:52:48	SQLException	Duplicate entry '1334' for key 'PRIMARY'
2014-12-16 01:52:50	SQLException	Duplicate entry '1319' for key 'PRIMARY'
2014-12-16 01:52:50	SQLException	Duplicate entry '1277' for key 'PRIMARY'
2014-12-16 01:52:50	SQLException	Duplicate entry '1277' for key 'PRIMARY'
2014-12-16 01:52:51	SQLException	Duplicate entry '1279' for key 'PRIMARY'
2014-12-16 01:52:51	SQLException	Duplicate entry '1291' for key 'PRIMARY'
2014-12-16 01:52:51	SQLException	Duplicate entry '1317' for key 'PRIMARY'
2014-12-16 01:52:51	SQLException	Duplicate entry '1340' for key 'PRIMARY'
2014-12-16 01:52:52	SQLException	Duplicate entry '1338' for key 'PRIMARY'
2014-12-16 01:52:52	SQLException	Duplicate entry '1338' for key 'PRIMARY'
2014-12-16 01:52:52	SQLException	Duplicate entry '1338' for key 'PRIMARY'
2014-12-16 01:52:52	SQLException	Duplicate entry '3798' for key 'PRIMARY'
2014-12-16 01:52:53	SQLException	Duplicate entry '1353' for key 'PRIMARY'
2014-12-16 01:52:53	SQLException	Duplicate entry '3615' for key 'PRIMARY'
2014-12-16 01:52:53	SQLException	Duplicate entry '1358' for key 'PRIMARY'
2014-12-16 01:52:53	SQLException	Duplicate entry '1358' for key 'PRIMARY'
2014-12-16 01:52:53	SQLException	Duplicate entry '1358' for key 'PRIMARY'
2014-12-16 01:52:53	SQLException	Duplicate entry '1360' for key 'PRIMARY'
2014-12-16 01:52:54	SQLException	Duplicate entry '3119' for key 'PRIMARY'
2014-12-16 01:52:54	SQLException	Duplicate entry '3119' for key 'PRIMARY'
2014-12-16 01:52:54	SQLException	Duplicate entry '1395' for key 'PRIMARY'
2014-12-16 01:52:54	SQLException	Duplicate entry '1395' for key 'PRIMARY'
2014-12-16 01:52:54	SQLException	Duplicate entry '1363' for key 'PRIMARY'
2014-12-16 01:52:54	SQLException	Duplicate entry '1363' for key 'PRIMARY'
2014-12-16 01:52:54	SQLException	Duplicate entry '3710' for key 'PRIMARY'
2014-12-16 01:52:55	SQLException	Duplicate entry '1402' for key 'PRIMARY'
2014-12-16 01:52:55	SQLException	Duplicate entry '3317' for key 'PRIMARY'
2014-12-16 01:52:55	SQLException	Duplicate entry '1401' for key 'PRIMARY'
2014-12-16 01:52:56	SQLException	Duplicate entry '3805' for key 'PRIMARY'
2014-12-16 01:52:56	SQLException	Duplicate entry '1391' for key 'PRIMARY'
2014-12-16 01:52:56	SQLException	Duplicate entry '3114' for key 'PRIMARY'
2014-12-16 01:52:56	SQLException	Duplicate entry '3114' for key 'PRIMARY'
2014-12-16 01:52:56	SQLException	Duplicate entry '3114' for key 'PRIMARY'
2014-12-16 01:52:56	SQLException	Duplicate entry '3114' for key 'PRIMARY'
2014-12-16 01:52:56	SQLException	Duplicate entry '3114' for key 'PRIMARY'
2014-12-16 01:52:56	SQLException	Duplicate entry '3115' for key 'PRIMARY'
2014-12-16 01:52:56	SQLException	Duplicate entry '3807' for key 'PRIMARY'
2014-12-16 01:52:56	SQLException	Duplicate entry '3807' for key 'PRIMARY'
2014-12-16 01:52:57	SQLException	Duplicate entry '3808' for key 'PRIMARY'
2014-12-16 01:52:57	SQLException	Duplicate entry '3808' for key 'PRIMARY'
2014-12-16 01:52:57	SQLException	Duplicate entry '3808' for key 'PRIMARY'
2014-12-16 01:52:57	SQLException	Duplicate entry '3808' for key 'PRIMARY'
2014-12-16 01:52:57	SQLException	Duplicate entry '3808' for key 'PRIMARY'
2014-12-16 01:52:57	SQLException	Duplicate entry '3808' for key 'PRIMARY'
2014-12-16 01:52:57	SQLException	Duplicate entry '1457' for key 'PRIMARY'
2014-12-16 01:52:57	SQLException	Duplicate entry '1430' for key 'PRIMARY'
2014-12-16 01:52:57	SQLException	Duplicate entry '1472' for key 'PRIMARY'
2014-12-16 01:52:58	SQLException	Duplicate entry '1466' for key 'PRIMARY'
2014-12-16 01:52:58	SQLException	Duplicate entry '1440' for key 'PRIMARY'
2014-12-16 01:52:58	SQLException	Duplicate entry '3473' for key 'PRIMARY'
2014-12-16 01:52:59	SQLException	Duplicate entry '1434' for key 'PRIMARY'
2014-12-16 01:52:59	SQLException	Duplicate entry '1424' for key 'PRIMARY'
2014-12-16 01:52:59	SQLException	Duplicate entry '3811' for key 'PRIMARY'
2014-12-16 01:52:59	SQLException	Duplicate entry '3620' for key 'PRIMARY'
2014-12-16 01:52:59	SQLException	Duplicate entry '3620' for key 'PRIMARY'
2014-12-16 01:53:00	SQLException	Duplicate entry '1439' for key 'PRIMARY'
2014-12-16 01:53:00	SQLException	Duplicate entry '1441' for key 'PRIMARY'
2014-12-16 01:53:00	SQLException	Duplicate entry '1480' for key 'PRIMARY'
2014-12-16 01:53:00	SQLException	Duplicate entry '1467' for key 'PRIMARY'
2014-12-16 01:53:00	SQLException	Duplicate entry '1426' for key 'PRIMARY'
2014-12-16 01:53:00	SQLException	Duplicate entry '1450' for key 'PRIMARY'
2014-12-16 01:53:01	SQLException	Duplicate entry '3714' for key 'PRIMARY'
2014-12-16 01:53:01	SQLException	Duplicate entry '3714' for key 'PRIMARY'
2014-12-16 01:53:01	SQLException	Duplicate entry '3714' for key 'PRIMARY'
2014-12-16 01:53:02	SQLException	Duplicate entry '3714' for key 'PRIMARY'
2014-12-16 01:53:02	SQLException	Duplicate entry '3243' for key 'PRIMARY'
2014-12-16 01:53:03	SQLException	Duplicate entry '1020' for key 'PRIMARY'
2014-12-16 01:53:03	SQLException	Duplicate entry '1020' for key 'PRIMARY'
2014-12-16 01:53:03	SQLException	Duplicate entry '988' for key 'PRIMARY'
2014-12-16 01:53:03	SQLException	Duplicate entry '988' for key 'PRIMARY'
2014-12-16 01:53:04	SQLException	Duplicate entry '260' for key 'PRIMARY'
2014-12-16 01:53:04	SQLException	Duplicate entry '1644' for key 'PRIMARY'
2014-12-16 01:53:05	SQLException	Duplicate entry '1901' for key 'PRIMARY'
2014-12-16 01:53:05	SQLException	Duplicate entry '1901' for key 'PRIMARY'
2014-12-16 01:53:05	SQLException	Duplicate entry '1901' for key 'PRIMARY'
2014-12-16 01:53:05	SQLException	Duplicate entry '1901' for key 'PRIMARY'
2014-12-16 01:53:05	SQLException	Duplicate entry '1687' for key 'PRIMARY'
2014-12-16 01:53:05	SQLException	Duplicate entry '1687' for key 'PRIMARY'
2014-12-16 01:53:05	SQLException	Duplicate entry '1687' for key 'PRIMARY'
2014-12-16 01:53:05	SQLException	Duplicate entry '3197' for key 'PRIMARY'
2014-12-16 01:53:05	SQLException	Duplicate entry '1869' for key 'PRIMARY'
2014-12-16 01:53:05	SQLException	Duplicate entry '1869' for key 'PRIMARY'
2014-12-16 01:53:06	SQLException	Duplicate entry '1869' for key 'PRIMARY'
2014-12-16 01:53:06	SQLException	Duplicate entry '1639' for key 'PRIMARY'
2014-12-16 01:53:06	SQLException	Duplicate entry '1639' for key 'PRIMARY'
2014-12-16 01:53:06	SQLException	Duplicate entry '1639' for key 'PRIMARY'
2014-12-16 01:53:08	SQLException	Duplicate entry '3250' for key 'PRIMARY'
2014-12-16 01:53:08	SQLException	Duplicate entry '3211' for key 'PRIMARY'
2014-12-16 01:53:08	SQLException	Duplicate entry '1508' for key 'PRIMARY'
2014-12-16 01:53:08	SQLException	Duplicate entry '1508' for key 'PRIMARY'
2014-12-16 01:53:08	SQLException	Duplicate entry '1508' for key 'PRIMARY'
2014-12-16 01:53:08	SQLException	Duplicate entry '1508' for key 'PRIMARY'
2014-12-16 01:53:08	SQLException	Duplicate entry '3644' for key 'PRIMARY'
2014-12-16 01:53:08	SQLException	Duplicate entry '3644' for key 'PRIMARY'
2014-12-16 01:53:08	SQLException	Duplicate entry '3644' for key 'PRIMARY'
2014-12-16 01:53:08	SQLException	Duplicate entry '3644' for key 'PRIMARY'
2014-12-16 01:53:08	SQLException	Duplicate entry '3644' for key 'PRIMARY'
2014-12-16 01:53:08	SQLException	Duplicate entry '3644' for key 'PRIMARY'
2014-12-16 01:53:08	SQLException	Duplicate entry '3641' for key 'PRIMARY'
2014-12-16 01:53:09	SQLException	Duplicate entry '3641' for key 'PRIMARY'
2014-12-16 01:53:09	SQLException	Duplicate entry '3641' for key 'PRIMARY'
2014-12-16 01:53:09	SQLException	Duplicate entry '3641' for key 'PRIMARY'
2014-12-16 01:53:09	SQLException	Duplicate entry '3641' for key 'PRIMARY'
2014-12-16 01:53:09	SQLException	Duplicate entry '3641' for key 'PRIMARY'
2014-12-16 01:53:09	SQLException	Duplicate entry '3641' for key 'PRIMARY'
2014-12-16 01:53:09	SQLException	Duplicate entry '1510' for key 'PRIMARY'
2014-12-16 01:53:09	SQLException	Duplicate entry '1510' for key 'PRIMARY'
2014-12-16 01:53:09	SQLException	Duplicate entry '1510' for key 'PRIMARY'
2014-12-16 01:53:09	SQLException	Duplicate entry '1510' for key 'PRIMARY'
2014-12-16 01:53:09	SQLException	Duplicate entry '3878' for key 'PRIMARY'
2014-12-16 01:53:09	SQLException	Duplicate entry '3878' for key 'PRIMARY'
2014-12-16 01:53:09	SQLException	Duplicate entry '3878' for key 'PRIMARY'
2014-12-16 01:53:09	SQLException	Duplicate entry '3878' for key 'PRIMARY'
2014-12-16 01:53:09	SQLException	Duplicate entry '3878' for key 'PRIMARY'
2014-12-16 01:53:09	SQLException	Duplicate entry '3133' for key 'PRIMARY'
2014-12-16 01:53:09	SQLException	Duplicate entry '3133' for key 'PRIMARY'
2014-12-16 01:53:10	SQLException	Duplicate entry '3133' for key 'PRIMARY'
2014-12-16 01:53:10	SQLException	Duplicate entry '3133' for key 'PRIMARY'
2014-12-16 01:53:10	SQLException	Duplicate entry '3133' for key 'PRIMARY'
2014-12-16 01:53:10	SQLException	Duplicate entry '3133' for key 'PRIMARY'
2014-12-16 01:53:10	SQLException	Duplicate entry '3133' for key 'PRIMARY'
2014-12-16 01:53:10	SQLException	Duplicate entry '3488' for key 'PRIMARY'
2014-12-16 01:53:10	SQLException	Duplicate entry '3488' for key 'PRIMARY'
2014-12-16 01:53:10	SQLException	Duplicate entry '3488' for key 'PRIMARY'
2014-12-16 01:53:10	SQLException	Duplicate entry '3488' for key 'PRIMARY'
2014-12-16 01:53:10	SQLException	Duplicate entry '3937' for key 'PRIMARY'
2014-12-16 01:53:10	SQLException	Duplicate entry '3140' for key 'PRIMARY'
2014-12-16 01:53:10	SQLException	Duplicate entry '3140' for key 'PRIMARY'
2014-12-16 01:53:10	SQLException	Duplicate entry '3140' for key 'PRIMARY'
2014-12-16 01:53:11	SQLException	Duplicate entry '3140' for key 'PRIMARY'
2014-12-16 01:53:11	SQLException	Duplicate entry '3140' for key 'PRIMARY'
2014-12-16 01:53:11	SQLException	Duplicate entry '3140' for key 'PRIMARY'
2014-12-16 01:53:11	SQLException	Duplicate entry '3140' for key 'PRIMARY'
2014-12-16 01:53:11	SQLException	Duplicate entry '3140' for key 'PRIMARY'
2014-12-16 01:53:11	SQLException	Duplicate entry '3140' for key 'PRIMARY'
2014-12-16 01:53:11	SQLException	Duplicate entry '3140' for key 'PRIMARY'
2014-12-16 01:53:11	SQLException	Duplicate entry '3140' for key 'PRIMARY'
2014-12-16 01:53:11	SQLException	Duplicate entry '3140' for key 'PRIMARY'
2014-12-16 01:53:11	SQLException	Duplicate entry '3140' for key 'PRIMARY'
2014-12-16 01:53:11	SQLException	Duplicate entry '3140' for key 'PRIMARY'
2014-12-16 01:53:11	SQLException	Duplicate entry '3140' for key 'PRIMARY'
2014-12-16 01:53:11	SQLException	Duplicate entry '3140' for key 'PRIMARY'
2014-12-16 01:53:11	SQLException	Duplicate entry '3140' for key 'PRIMARY'
2014-12-16 01:53:11	SQLException	Duplicate entry '3140' for key 'PRIMARY'
2014-12-16 01:53:11	SQLException	Duplicate entry '3140' for key 'PRIMARY'
2014-12-16 01:53:11	SQLException	Duplicate entry '3730' for key 'PRIMARY'
2014-12-16 01:53:11	SQLException	Duplicate entry '3730' for key 'PRIMARY'
2014-12-16 01:53:12	SQLException	Duplicate entry '3730' for key 'PRIMARY'
2014-12-16 01:53:12	SQLException	Duplicate entry '3730' for key 'PRIMARY'
2014-12-16 01:53:12	SQLException	Duplicate entry '3730' for key 'PRIMARY'
2014-12-16 01:53:12	SQLException	Duplicate entry '3730' for key 'PRIMARY'
2014-12-16 01:53:12	SQLException	Duplicate entry '3730' for key 'PRIMARY'
2014-12-16 01:53:12	SQLException	Duplicate entry '3730' for key 'PRIMARY'
2014-12-16 01:53:12	SQLException	Duplicate entry '3730' for key 'PRIMARY'
2014-12-16 01:53:12	SQLException	Duplicate entry '3730' for key 'PRIMARY'
2014-12-16 01:53:12	SQLException	Duplicate entry '3730' for key 'PRIMARY'
2014-12-16 01:53:12	SQLException	Duplicate entry '3144' for key 'PRIMARY'
2014-12-16 01:53:12	SQLException	Duplicate entry '3144' for key 'PRIMARY'
2014-12-16 01:53:12	SQLException	Duplicate entry '3144' for key 'PRIMARY'
2014-12-16 01:53:12	SQLException	Duplicate entry '3144' for key 'PRIMARY'
2014-12-16 01:53:12	SQLException	Duplicate entry '3144' for key 'PRIMARY'
2014-12-16 01:53:12	SQLException	Duplicate entry '3144' for key 'PRIMARY'
2014-12-16 01:53:12	SQLException	Duplicate entry '3144' for key 'PRIMARY'
2014-12-16 01:53:12	SQLException	Duplicate entry '3144' for key 'PRIMARY'
2014-12-16 01:53:13	SQLException	Duplicate entry '3144' for key 'PRIMARY'
2014-12-16 01:53:13	SQLException	Duplicate entry '3880' for key 'PRIMARY'
2014-12-16 01:53:13	SQLException	Duplicate entry '3338' for key 'PRIMARY'
2014-12-16 01:53:13	SQLException	Duplicate entry '3938' for key 'PRIMARY'
2014-12-16 01:53:13	SQLException	Duplicate entry '3881' for key 'PRIMARY'
2014-12-16 01:53:13	SQLException	Duplicate entry '3881' for key 'PRIMARY'
2014-12-16 01:53:14	SQLException	Duplicate entry '1581' for key 'PRIMARY'
2014-12-16 01:53:14	SQLException	Duplicate entry '1581' for key 'PRIMARY'
2014-12-16 01:53:14	SQLException	Duplicate entry '1581' for key 'PRIMARY'
2014-12-16 01:53:14	SQLException	Duplicate entry '1581' for key 'PRIMARY'
2014-12-16 01:53:14	SQLException	Duplicate entry '1581' for key 'PRIMARY'
2014-12-16 01:53:14	SQLException	Duplicate entry '1591' for key 'PRIMARY'
2014-12-16 01:53:14	SQLException	Duplicate entry '1591' for key 'PRIMARY'
2014-12-16 01:53:14	SQLException	Duplicate entry '1591' for key 'PRIMARY'
2014-12-16 01:53:14	SQLException	Duplicate entry '3339' for key 'PRIMARY'
2014-12-16 01:53:14	SQLException	Duplicate entry '3339' for key 'PRIMARY'
2014-12-16 01:53:15	SQLException	Duplicate entry '3339' for key 'PRIMARY'
2014-12-16 01:53:15	SQLException	Duplicate entry '2159' for key 'PRIMARY'
2014-12-16 01:53:15	SQLException	Duplicate entry '2159' for key 'PRIMARY'
2014-12-16 01:53:15	SQLException	Duplicate entry '1604' for key 'PRIMARY'
2014-12-16 01:53:17	SQLException	Duplicate entry '1614' for key 'PRIMARY'
2014-12-16 01:53:17	SQLException	Duplicate entry '2798' for key 'PRIMARY'
2014-12-16 01:53:17	SQLException	Duplicate entry '2798' for key 'PRIMARY'
2014-12-16 01:53:17	SQLException	Duplicate entry '1619' for key 'PRIMARY'
2014-12-16 01:53:17	SQLException	Duplicate entry '1617' for key 'PRIMARY'
2014-12-16 01:53:17	SQLException	Duplicate entry '1617' for key 'PRIMARY'
2014-12-16 01:53:17	SQLException	Duplicate entry '3947' for key 'PRIMARY'
2014-12-16 01:53:17	SQLException	Duplicate entry '3947' for key 'PRIMARY'
2014-12-16 01:53:17	SQLException	Duplicate entry '1623' for key 'PRIMARY'
2014-12-16 01:53:17	SQLException	Duplicate entry '1623' for key 'PRIMARY'
2014-12-16 01:53:18	SQLException	Duplicate entry '1632' for key 'PRIMARY'
2014-12-16 01:53:18	SQLException	Duplicate entry '1632' for key 'PRIMARY'
2014-12-16 01:53:18	SQLException	Duplicate entry '1632' for key 'PRIMARY'
2014-12-16 01:53:18	SQLException	Duplicate entry '1629' for key 'PRIMARY'
2014-12-16 01:53:18	SQLException	Duplicate entry '1629' for key 'PRIMARY'
2014-12-16 01:53:18	SQLException	Duplicate entry '1629' for key 'PRIMARY'
2014-12-16 01:53:19	SQLException	Duplicate entry '1629' for key 'PRIMARY'
2014-12-16 01:53:19	SQLException	Duplicate entry '3657' for key 'PRIMARY'
2014-12-16 01:53:19	SQLException	Duplicate entry '1636' for key 'PRIMARY'
2014-12-16 01:53:19	SQLException	Duplicate entry '1636' for key 'PRIMARY'
2014-12-16 01:53:19	SQLException	Duplicate entry '1636' for key 'PRIMARY'
2014-12-16 01:53:19	SQLException	Duplicate entry '1636' for key 'PRIMARY'
2014-12-16 01:53:19	SQLException	Duplicate entry '1636' for key 'PRIMARY'
2014-12-16 01:53:19	SQLException	Duplicate entry '1636' for key 'PRIMARY'
2014-12-16 01:53:19	SQLException	Duplicate entry '1631' for key 'PRIMARY'
2014-12-16 01:53:19	SQLException	Duplicate entry '1645' for key 'PRIMARY'
2014-12-16 01:53:19	SQLException	Duplicate entry '3658' for key 'PRIMARY'
2014-12-16 01:53:20	SQLException	Duplicate entry '3659' for key 'PRIMARY'
2014-12-16 01:53:20	SQLException	Duplicate entry '3659' for key 'PRIMARY'
2014-12-16 01:53:20	SQLException	Duplicate entry '1653' for key 'PRIMARY'
2014-12-16 01:53:20	SQLException	Duplicate entry '1654' for key 'PRIMARY'
2014-12-16 01:53:20	SQLException	Duplicate entry '1655' for key 'PRIMARY'
2014-12-16 01:53:21	SQLException	Duplicate entry '1670' for key 'PRIMARY'
2014-12-16 01:53:21	SQLException	Duplicate entry '1715' for key 'PRIMARY'
2014-12-16 01:53:22	SQLException	Duplicate entry '1728' for key 'PRIMARY'
2014-12-16 01:53:22	SQLException	Duplicate entry '1717' for key 'PRIMARY'
2014-12-16 01:53:23	SQLException	Duplicate entry '1758' for key 'PRIMARY'
2014-12-16 01:53:23	SQLException	Duplicate entry '2162' for key 'PRIMARY'
2014-12-16 01:53:24	SQLException	Duplicate entry '1817' for key 'PRIMARY'
2014-12-16 01:53:24	SQLException	Duplicate entry '1764' for key 'PRIMARY'
2014-12-16 01:53:25	SQLException	Duplicate entry '1774' for key 'PRIMARY'
2014-12-16 01:53:25	SQLException	Duplicate entry '1790' for key 'PRIMARY'
2014-12-16 01:53:26	SQLException	Duplicate entry '3513' for key 'PRIMARY'
2014-12-16 01:53:27	SQLException	Duplicate entry '1776' for key 'PRIMARY'
2014-12-16 01:53:27	SQLException	Duplicate entry '1776' for key 'PRIMARY'
2014-12-16 01:53:27	SQLException	Duplicate entry '1781' for key 'PRIMARY'
2014-12-16 01:53:29	SQLException	Duplicate entry '1751' for key 'PRIMARY'
2014-12-16 01:53:30	SQLException	Duplicate entry '1876' for key 'PRIMARY'
2014-12-16 01:53:30	SQLException	Duplicate entry '1871' for key 'PRIMARY'
2014-12-16 01:53:30	SQLException	Duplicate entry '1871' for key 'PRIMARY'
2014-12-16 01:53:30	SQLException	Duplicate entry '1871' for key 'PRIMARY'
2014-12-16 01:53:30	SQLException	Duplicate entry '1871' for key 'PRIMARY'
2014-12-16 01:53:31	SQLException	Duplicate entry '1871' for key 'PRIMARY'
2014-12-16 01:53:31	SQLException	Duplicate entry '3957' for key 'PRIMARY'
2014-12-16 01:53:32	SQLException	Duplicate entry '1913' for key 'PRIMARY'
2014-12-16 01:53:32	SQLException	Duplicate entry '3978' for key 'PRIMARY'
2014-12-16 01:53:32	SQLException	Duplicate entry '3967' for key 'PRIMARY'
2014-12-16 01:53:32	SQLException	Duplicate entry '3967' for key 'PRIMARY'
2014-12-16 01:53:32	SQLException	Duplicate entry '3966' for key 'PRIMARY'
2014-12-16 01:53:32	SQLException	Duplicate entry '3983' for key 'PRIMARY'
2014-12-16 01:53:33	SQLException	Duplicate entry '1912' for key 'PRIMARY'
2014-12-16 01:53:33	SQLException	Duplicate entry '1912' for key 'PRIMARY'
2014-12-16 01:53:33	SQLException	Duplicate entry '3969' for key 'PRIMARY'
2014-12-16 01:53:33	SQLException	Duplicate entry '3213' for key 'PRIMARY'
2014-12-16 01:53:33	SQLException	Duplicate entry '3213' for key 'PRIMARY'
2014-12-16 01:53:33	SQLException	Duplicate entry '3213' for key 'PRIMARY'
2014-12-16 01:53:33	SQLException	Duplicate entry '3242' for key 'PRIMARY'
2014-12-16 01:53:33	SQLException	Duplicate entry '3242' for key 'PRIMARY'
2014-12-16 01:53:35	SQLException	Duplicate entry '3212' for key 'PRIMARY'
2014-12-16 01:53:36	SQLException	Duplicate entry '3246' for key 'PRIMARY'
2014-12-16 01:53:36	SQLException	Duplicate entry '3330' for key 'PRIMARY'
2014-12-16 01:53:36	SQLException	Duplicate entry '1934' for key 'PRIMARY'
2014-12-16 01:53:36	SQLException	Duplicate entry '1938' for key 'PRIMARY'
2014-12-16 01:53:36	SQLException	Duplicate entry '1938' for key 'PRIMARY'
2014-12-16 01:53:37	SQLException	Duplicate entry '1676' for key 'PRIMARY'
2014-12-16 01:53:37	SQLException	Duplicate entry '1676' for key 'PRIMARY'
2014-12-16 01:53:37	SQLException	Duplicate entry '1676' for key 'PRIMARY'
2014-12-16 01:53:37	SQLException	Duplicate entry '1684' for key 'PRIMARY'
2014-12-16 01:53:38	SQLException	Duplicate entry '1679' for key 'PRIMARY'
2014-12-16 01:53:38	SQLException	Duplicate entry '1697' for key 'PRIMARY'
2014-12-16 01:53:38	SQLException	Duplicate entry '1966' for key 'PRIMARY'
2014-12-16 01:53:38	SQLException	Duplicate entry '3821' for key 'PRIMARY'
2014-12-16 01:53:39	SQLException	Duplicate entry '1954' for key 'PRIMARY'
2014-12-16 01:53:39	SQLException	Duplicate entry '1952' for key 'PRIMARY'
2014-12-16 01:53:39	SQLException	Duplicate entry '1952' for key 'PRIMARY'
2014-12-16 01:53:39	SQLException	Duplicate entry '1952' for key 'PRIMARY'
2014-12-16 01:53:39	SQLException	Duplicate entry '1952' for key 'PRIMARY'
2014-12-16 01:53:39	SQLException	Duplicate entry '1989' for key 'PRIMARY'
2014-12-16 01:53:40	SQLException	Duplicate entry '1986' for key 'PRIMARY'
2014-12-16 01:53:40	SQLException	Duplicate entry '1986' for key 'PRIMARY'
2014-12-16 01:53:40	SQLException	Duplicate entry '1986' for key 'PRIMARY'
2014-12-16 01:53:40	SQLException	Duplicate entry '1975' for key 'PRIMARY'
2014-12-16 01:53:40	SQLException	Duplicate entry '1985' for key 'PRIMARY'
2014-12-16 01:53:41	SQLException	Duplicate entry '2024' for key 'PRIMARY'
2014-12-16 01:53:42	SQLException	Duplicate entry '2051' for key 'PRIMARY'
2014-12-16 01:53:42	SQLException	Duplicate entry '2051' for key 'PRIMARY'
2014-12-16 01:53:42	SQLException	Duplicate entry '2056' for key 'PRIMARY'
2014-12-16 01:53:42	SQLException	Duplicate entry '3748' for key 'PRIMARY'
2014-12-16 01:53:43	SQLException	Duplicate entry '2060' for key 'PRIMARY'
2014-12-16 01:53:43	SQLException	Duplicate entry '2063' for key 'PRIMARY'
2014-12-16 01:53:43	SQLException	Duplicate entry '2063' for key 'PRIMARY'
2014-12-16 01:53:43	SQLException	Duplicate entry '3260' for key 'PRIMARY'
2014-12-16 01:53:43	SQLException	Duplicate entry '3260' for key 'PRIMARY'
2014-12-16 01:53:43	SQLException	Duplicate entry '3260' for key 'PRIMARY'
2014-12-16 01:53:43	SQLException	Duplicate entry '3749' for key 'PRIMARY'
2014-12-16 01:53:44	SQLException	Duplicate entry '2084' for key 'PRIMARY'
2014-12-16 01:53:44	SQLException	Duplicate entry '2078' for key 'PRIMARY'
2014-12-16 01:53:44	SQLException	Duplicate entry '2078' for key 'PRIMARY'
2014-12-16 01:53:44	SQLException	Duplicate entry '2078' for key 'PRIMARY'
2014-12-16 01:53:44	SQLException	Duplicate entry '2078' for key 'PRIMARY'
2014-12-16 01:53:44	SQLException	Duplicate entry '2082' for key 'PRIMARY'
2014-12-16 01:53:44	SQLException	Duplicate entry '2082' for key 'PRIMARY'
2014-12-16 01:53:44	SQLException	Duplicate entry '2082' for key 'PRIMARY'
2014-12-16 01:53:45	SQLException	Duplicate entry '2082' for key 'PRIMARY'
2014-12-16 01:53:45	SQLException	Duplicate entry '2082' for key 'PRIMARY'
2014-12-16 01:53:45	SQLException	Duplicate entry '2082' for key 'PRIMARY'
2014-12-16 01:53:45	SQLException	Duplicate entry '2082' for key 'PRIMARY'
2014-12-16 01:53:45	SQLException	Duplicate entry '3517' for key 'PRIMARY'
2014-12-16 01:53:45	SQLException	Duplicate entry '3517' for key 'PRIMARY'
2014-12-16 01:53:45	SQLException	Duplicate entry '3517' for key 'PRIMARY'
2014-12-16 01:53:45	SQLException	Duplicate entry '3517' for key 'PRIMARY'
2014-12-16 01:53:45	SQLException	Duplicate entry '3517' for key 'PRIMARY'
2014-12-16 01:53:45	SQLException	Duplicate entry '3517' for key 'PRIMARY'
2014-12-16 01:53:45	SQLException	Duplicate entry '3517' for key 'PRIMARY'
2014-12-16 01:53:45	SQLException	Duplicate entry '3517' for key 'PRIMARY'
2014-12-16 01:53:45	SQLException	Duplicate entry '3517' for key 'PRIMARY'
2014-12-16 01:53:45	SQLException	Duplicate entry '3517' for key 'PRIMARY'
2014-12-16 01:53:45	SQLException	Duplicate entry '3517' for key 'PRIMARY'
2014-12-16 01:53:45	SQLException	Duplicate entry '3517' for key 'PRIMARY'
2014-12-16 01:53:46	SQLException	Duplicate entry '3517' for key 'PRIMARY'
2014-12-16 01:53:46	SQLException	Duplicate entry '2086' for key 'PRIMARY'
2014-12-16 01:53:46	SQLException	Duplicate entry '3892' for key 'PRIMARY'
2014-12-16 01:53:46	SQLException	Duplicate entry '3891' for key 'PRIMARY'
2014-12-16 01:53:46	SQLException	Duplicate entry '3891' for key 'PRIMARY'
2014-12-16 01:53:47	SQLException	Duplicate entry '3891' for key 'PRIMARY'
2014-12-16 01:53:47	SQLException	Duplicate entry '3891' for key 'PRIMARY'
2014-12-16 01:53:47	SQLException	Duplicate entry '3891' for key 'PRIMARY'
2014-12-16 01:53:47	SQLException	Duplicate entry '3891' for key 'PRIMARY'
2014-12-16 01:53:47	SQLException	Duplicate entry '3891' for key 'PRIMARY'
2014-12-16 01:53:47	SQLException	Duplicate entry '3891' for key 'PRIMARY'
2014-12-16 01:53:47	SQLException	Duplicate entry '3891' for key 'PRIMARY'
2014-12-16 01:53:47	SQLException	Duplicate entry '3891' for key 'PRIMARY'
2014-12-16 01:53:47	SQLException	Duplicate entry '3751' for key 'PRIMARY'
2014-12-16 01:53:47	SQLException	Duplicate entry '3751' for key 'PRIMARY'
2014-12-16 01:53:47	SQLException	Duplicate entry '3359' for key 'PRIMARY'
2014-12-16 01:53:47	SQLException	Duplicate entry '3359' for key 'PRIMARY'
2014-12-16 01:53:47	SQLException	Duplicate entry '3359' for key 'PRIMARY'
2014-12-16 01:53:48	SQLException	Duplicate entry '4006' for key 'PRIMARY'
2014-12-16 01:53:48	SQLException	Duplicate entry '2105' for key 'PRIMARY'
2014-12-16 01:53:48	--------------------
2014-12-16 01:54:31	Ejecutando trasvase
2014-12-16 01:54:32	--------------------
2014-12-16 01:57:47	--------------------
2014-12-16 01:58:05	--------------------
2014-12-16 01:58:41	--------------------
2014-12-16 02:01:33	--------------------
2014-12-16 02:02:51	--------------------
2014-12-16 02:03:14	--------------------
2014-12-16 02:03:50	Ejecutando activa
2014-12-16 02:05:52	--------------------
2014-12-16 02:10:03	Ejecutando activaTarifa
2014-12-16 02:10:11	--------------------
2014-12-16 02:11:36	Ejecutando activaStock
2014-12-16 02:11:38	--------------------
2014-12-16 02:15:10	Ejecutando trasvase
2014-12-16 02:15:11	--------------------
2014-12-16 02:15:49	Ejecutando trasvase
2014-12-16 02:15:50	--------------------
2014-12-16 02:16:06	Ejecutando contenido
2014-12-16 02:16:08	--------------------
2014-12-16 02:16:20	Ejecutando contenido
2014-12-16 02:16:23	--------------------
2014-12-16 02:26:22	Ejecutando update
2014-12-16 02:26:56	--------------------
2014-12-16 03:05:28	Ejecutando update
2014-12-16 03:06:10	--------------------
2014-12-16 04:16:49	Ejecutando update
2014-12-16 04:16:50	--------------------
2014-12-16 04:19:44	Ejecutando contenido
2014-12-16 04:19:48	--------------------
2014-12-16 06:00:21	Ejecutando insercion
2014-12-16 06:00:47	--------------------
2014-12-16 06:02:36	Ejecutando insercion
2014-12-16 06:02:38	--------------------
2014-12-16 06:19:49	Ejecutando trasvase
2014-12-16 06:19:51	--------------------
2014-12-16 06:25:57	Ejecutando insercion
2014-12-16 06:26:09	Ejecutando insercion
2014-12-16 06:27:42	Ejecutando insercion
2014-12-16 06:27:44	--------------------
2014-12-16 06:42:23	Ejecutando update
2014-12-16 06:42:57	--------------------
2014-12-16 07:10:49	Ejecutando update
2014-12-16 07:11:00	--------------------
2014-12-16 07:28:54	Ejecutando trasvase
2014-12-16 07:28:57	--------------------
2014-12-16 07:38:27	Ejecutando trasvase
2014-12-16 07:38:27	--------------------
2014-12-16 07:38:46	Ejecutando contenido
2014-12-16 07:38:57	--------------------
2014-12-16 07:39:13	--------------------
2014-12-16 07:39:31	Ejecutando contenido
2014-12-16 07:39:37	--------------------
2014-12-16 07:42:05	Ejecutando insercion
2014-12-16 07:42:07	--------------------
2014-12-16 07:53:53	Ejecutando update
2014-12-16 07:54:12	--------------------
2014-12-22 16:01:01	Ejecutando bluevision
2014-12-22 16:10:54	Ejecutando bluevision
2014-12-22 16:14:26	Ejecutando bluevision
2014-12-22 16:14:27	SQLException	Duplicate entry '2806' for key 'PRIMARY'
2014-12-22 16:14:27	SQLException	Duplicate entry '4022' for key 'PRIMARY'
2014-12-22 16:14:27	SQLException	Duplicate entry '4022' for key 'PRIMARY'
2014-12-22 16:14:55	--------------------
2014-12-22 16:18:37	Ejecutando trasvase
2014-12-22 16:18:38	--------------------
2014-12-22 16:47:35	Ejecutando contenido
2014-12-22 16:47:39	--------------------
2014-12-22 16:51:37	Ejecutando contenido
2014-12-22 16:51:39	--------------------
2014-12-22 16:52:15	Ejecutando insercion
2014-12-22 16:52:16	--------------------
2014-12-22 16:55:34	Ejecutando insercion
2014-12-22 16:55:34	--------------------
2014-12-22 16:56:41	Ejecutando bluevision
2014-12-22 16:56:55	--------------------
2014-12-22 16:57:16	Ejecutando insercion
2014-12-22 16:57:17	--------------------
2014-12-22 16:58:36	Ejecutando insercion
2014-12-22 16:58:36	IOException	insercion\PendienteInsercion.csv (El proceso no tiene acceso al archivo porque est siendo utilizado por otro proceso)
2014-12-22 16:58:37	IOException	insercion\PendienteInsercion.csv (El proceso no tiene acceso al archivo porque est siendo utilizado por otro proceso)
2014-12-22 16:58:37	IOException	insercion\PendienteInsercion.csv (El proceso no tiene acceso al archivo porque est siendo utilizado por otro proceso)
2014-12-22 16:58:37	--------------------
2014-12-22 16:59:06	Ejecutando bluevision
2014-12-22 16:59:20	--------------------
2014-12-22 16:59:30	Ejecutando insercion
2014-12-22 16:59:31	--------------------
2014-12-22 18:45:01	Ejecutando activa
2014-12-22 18:45:43	SQLException	Duplicate entry '4086' for key 'PRIMARY'
2014-12-22 18:45:45	SQLException	Duplicate entry '3687' for key 'PRIMARY'
2014-12-22 18:47:47	SQLException	Duplicate entry '1604' for key 'PRIMARY'
2014-12-22 18:48:31	--------------------
2014-12-23 11:47:29	Ejecutando bluevision
2014-12-23 11:47:49	--------------------
2014-12-23 12:45:05	Ejecutando update
2014-12-23 12:45:21	--------------------
2014-12-28 01:05:31	Ejecutando bluevision
2014-12-28 01:05:55	--------------------
2014-12-29 17:20:04	Ejecutando bluevision
2014-12-29 17:20:28	--------------------
2014-12-29 17:22:11	Ejecutando bluevision
2014-12-29 17:22:26	--------------------
2014-12-29 17:31:04	Ejecutando bluevision
2014-12-29 17:31:28	--------------------
2014-12-29 17:32:49	Ejecutando activa
2014-12-29 17:33:10	IOException	temp.csv (El sistema no puede encontrar el archivo especificado)
2014-12-29 17:33:23	Ejecutando activaStock
2014-12-29 17:33:26	--------------------
2014-12-29 17:33:47	Ejecutando activa
2014-12-29 17:34:04	SQLException	Duplicate entry '39' for key 'PRIMARY'
2014-12-29 17:34:09	SQLException	Duplicate entry '3545' for key 'PRIMARY'
2014-12-29 17:35:34	SQLException	Duplicate entry '771' for key 'PRIMARY'
2014-12-29 17:36:46	SQLException	Duplicate entry '3119' for key 'PRIMARY'
2014-12-29 17:36:47	SQLException	Duplicate entry '1394' for key 'PRIMARY'
2014-12-29 17:36:47	SQLException	Duplicate entry '1394' for key 'PRIMARY'
2014-12-29 17:37:19	SQLException	Duplicate entry '4518' for key 'PRIMARY'
2014-12-29 17:37:30	SQLException	Duplicate entry '4547' for key 'PRIMARY'
2014-12-29 17:37:30	SQLException	Duplicate entry '2798' for key 'PRIMARY'
2014-12-29 17:38:10	SQLException	Duplicate entry '4637' for key 'PRIMARY'
2014-12-29 17:38:10	SQLException	Duplicate entry '4637' for key 'PRIMARY'
2014-12-29 17:38:28	--------------------
2014-12-29 17:47:34	Ejecutando bluevision
2014-12-29 17:47:47	--------------------
2014-12-29 17:49:00	Ejecutando bluevision
2014-12-29 17:49:14	--------------------
2014-12-29 17:49:18	Ejecutando bluevision
2014-12-29 17:49:38	--------------------
2014-12-29 17:49:48	Ejecutando bluevision
2014-12-29 17:50:05	--------------------
2014-12-29 17:50:43	Ejecutando bluevision
2014-12-29 17:50:56	--------------------
2014-12-29 17:51:45	Ejecutando bluevision
2014-12-29 17:51:59	--------------------
2014-12-29 17:52:20	Ejecutando bluevision
2014-12-29 17:52:35	--------------------
2014-12-29 17:52:47	Ejecutando bluevision
2014-12-29 17:53:03	--------------------
2014-12-29 17:53:58	Ejecutando bluevision
2014-12-29 17:54:14	--------------------
